# JRE version: OpenJDK Runtime Environment (8.0_202) (build 1.8.0_202-release-1483-b49-5587405)
# Java VM: OpenJDK 64-Bit Server VM (25.202-b49-5587405 mixed mode bsd-amd64 compressed oops)
Heap:
 PSYoungGen      total 272896K, used 77232K [0x00000007a0000000, 0x00000007b2880000, 0x00000007c0000000)
  eden space 262144K, 29% used [0x00000007a0000000,0x00000007a4b6c2a0,0x00000007b0000000)
  from space 10752K, 0% used [0x00000007b0000000,0x00000007b0000000,0x00000007b0a80000)
  to   space 14848K, 0% used [0x00000007b1a00000,0x00000007b1a00000,0x00000007b2880000)
 ParOldGen       total 182784K, used 18221K [0x0000000760000000, 0x000000076b280000, 0x00000007a0000000)
  object space 182784K, 9% used [0x0000000760000000,0x00000007611cb790,0x000000076b280000)
 Metaspace       used 42472K, capacity 43550K, committed 43776K, reserved 1087488K
  class space    used 5760K, capacity 6025K, committed 6144K, reserved 1048576K
GC Heap History (10 events):
Event: 2.507 GC heap before
{Heap before GC invocations=3 (full 0):
 PSYoungGen      total 141824K, used 63787K [0x00000007a0000000, 0x00000007a9500000, 0x00000007c0000000)
  eden space 131072K, 40% used [0x00000007a0000000,0x00000007a342acb8,0x00000007a8000000)
  from space 10752K, 96% used [0x00000007a8a80000,0x00000007a94a0070,0x00000007a9500000)
  to   space 10752K, 0% used [0x00000007a8000000,0x00000007a8000000,0x00000007a8a80000)
 ParOldGen       total 175104K, used 16K [0x0000000760000000, 0x000000076ab00000, 0x00000007a0000000)
  object space 175104K, 0% used [0x0000000760000000,0x0000000760004000,0x000000076ab00000)
 Metaspace       used 20686K, capacity 21148K, committed 21296K, reserved 1067008K
  class space    used 2941K, capacity 3118K, committed 3200K, reserved 1048576K
Event: 2.520 GC heap after
Heap after GC invocations=3 (full 0):
 PSYoungGen      total 141824K, used 10723K [0x00000007a0000000, 0x00000007b1500000, 0x00000007c0000000)
  eden space 131072K, 0% used [0x00000007a0000000,0x00000007a0000000,0x00000007a8000000)
  from space 10752K, 99% used [0x00000007a8000000,0x00000007a8a78c18,0x00000007a8a80000)
  to   space 10752K, 0% used [0x00000007b0a80000,0x00000007b0a80000,0x00000007b1500000)
 ParOldGen       total 175104K, used 618K [0x0000000760000000, 0x000000076ab00000, 0x00000007a0000000)
  object space 175104K, 0% used [0x0000000760000000,0x000000076009abe0,0x000000076ab00000)
 Metaspace       used 20686K, capacity 21148K, committed 21296K, reserved 1067008K
  class space    used 2941K, capacity 3118K, committed 3200K, reserved 1048576K
}
Event: 2.520 GC heap before
{Heap before GC invocations=4 (full 1):
 PSYoungGen      total 141824K, used 10723K [0x00000007a0000000, 0x00000007b1500000, 0x00000007c0000000)
  eden space 131072K, 0% used [0x00000007a0000000,0x00000007a0000000,0x00000007a8000000)
  from space 10752K, 99% used [0x00000007a8000000,0x00000007a8a78c18,0x00000007a8a80000)
  to   space 10752K, 0% used [0x00000007b0a80000,0x00000007b0a80000,0x00000007b1500000)
 ParOldGen       total 175104K, used 618K [0x0000000760000000, 0x000000076ab00000, 0x00000007a0000000)
  object space 175104K, 0% used [0x0000000760000000,0x000000076009abe0,0x000000076ab00000)
 Metaspace       used 20686K, capacity 21148K, committed 21296K, reserved 1067008K
  class space    used 2941K, capacity 3118K, committed 3200K, reserved 1048576K
Event: 2.566 GC heap after
Heap after GC invocations=4 (full 1):
 PSYoungGen      total 141824K, used 0K [0x00000007a0000000, 0x00000007b1500000, 0x00000007c0000000)
  eden space 131072K, 0% used [0x00000007a0000000,0x00000007a0000000,0x00000007a8000000)
  from space 10752K, 0% used [0x00000007a8000000,0x00000007a8000000,0x00000007a8a80000)
  to   space 10752K, 0% used [0x00000007b0a80000,0x00000007b0a80000,0x00000007b1500000)
 ParOldGen       total 113152K, used 10986K [0x0000000760000000, 0x0000000766e80000, 0x00000007a0000000)
  object space 113152K, 9% used [0x0000000760000000,0x0000000760abaa90,0x0000000766e80000)
 Metaspace       used 20686K, capacity 21148K, committed 21296K, reserved 1067008K
  class space    used 2941K, capacity 3118K, committed 3200K, reserved 1048576K
}
Event: 4.309 GC heap before
{Heap before GC invocations=5 (full 1):
 PSYoungGen      total 141824K, used 131072K [0x00000007a0000000, 0x00000007b1500000, 0x00000007c0000000)
  eden space 131072K, 100% used [0x00000007a0000000,0x00000007a8000000,0x00000007a8000000)
  from space 10752K, 0% used [0x00000007a8000000,0x00000007a8000000,0x00000007a8a80000)
  to   space 10752K, 0% used [0x00000007b0a80000,0x00000007b0a80000,0x00000007b1500000)
 ParOldGen       total 113152K, used 10986K [0x0000000760000000, 0x0000000766e80000, 0x00000007a0000000)
  object space 113152K, 9% used [0x0000000760000000,0x0000000760abaa90,0x0000000766e80000)
 Metaspace       used 31553K, capacity 32148K, committed 32512K, reserved 1077248K
  class space    used 4355K, capacity 4555K, committed 4608K, reserved 1048576K
Event: 4.326 GC heap after
Heap after GC invocations=5 (full 1):
 PSYoungGen      total 199168K, used 10726K [0x00000007a0000000, 0x00000007b1500000, 0x00000007c0000000)
  eden space 188416K, 0% used [0x00000007a0000000,0x00000007a0000000,0x00000007ab800000)
  from space 10752K, 99% used [0x00000007b0a80000,0x00000007b14f98f8,0x00000007b1500000)
  to   space 10752K, 0% used [0x00000007b0000000,0x00000007b0000000,0x00000007b0a80000)
 ParOldGen       total 113152K, used 13171K [0x0000000760000000, 0x0000000766e80000, 0x00000007a0000000)
  object space 113152K, 11% used [0x0000000760000000,0x0000000760cdcdd8,0x0000000766e80000)
 Metaspace       used 31553K, capacity 32148K, committed 32512K, reserved 1077248K
  class space    used 4355K, capacity 4555K, committed 4608K, reserved 1048576K
}
Event: 5.168 GC heap before
{Heap before GC invocations=6 (full 1):
 PSYoungGen      total 199168K, used 76026K [0x00000007a0000000, 0x00000007b1500000, 0x00000007c0000000)
  eden space 188416K, 34% used [0x00000007a0000000,0x00000007a3fc4f70,0x00000007ab800000)
  from space 10752K, 99% used [0x00000007b0a80000,0x00000007b14f98f8,0x00000007b1500000)
  to   space 10752K, 0% used [0x00000007b0000000,0x00000007b0000000,0x00000007b0a80000)
 ParOldGen       total 113152K, used 13171K [0x0000000760000000, 0x0000000766e80000, 0x00000007a0000000)
  object space 113152K, 11% used [0x0000000760000000,0x0000000760cdcdd8,0x0000000766e80000)
 Metaspace       used 34568K, capacity 35384K, committed 35456K, reserved 1079296K
  class space    used 4754K, capacity 4959K, committed 4992K, reserved 1048576K
Event: 5.183 GC heap after
Heap after GC invocations=6 (full 1):
 PSYoungGen      total 272896K, used 10733K [0x00000007a0000000, 0x00000007b2880000, 0x00000007c0000000)
  eden space 262144K, 0% used [0x00000007a0000000,0x00000007a0000000,0x00000007b0000000)
  from space 10752K, 99% used [0x00000007b0000000,0x00000007b0a7b718,0x00000007b0a80000)
  to   space 14848K, 0% used [0x00000007b1a00000,0x00000007b1a00000,0x00000007b2880000)
 ParOldGen       total 113152K, used 13281K [0x0000000760000000, 0x0000000766e80000, 0x00000007a0000000)
  object space 113152K, 11% used [0x0000000760000000,0x0000000760cf85b8,0x0000000766e80000)
 Metaspace       used 34568K, capacity 35384K, committed 35456K, reserved 1079296K
  class space    used 4754K, capacity 4959K, committed 4992K, reserved 1048576K
}
Event: 5.183 GC heap before
{Heap before GC invocations=7 (full 2):
 PSYoungGen      total 272896K, used 10733K [0x00000007a0000000, 0x00000007b2880000, 0x00000007c0000000)
  eden space 262144K, 0% used [0x00000007a0000000,0x00000007a0000000,0x00000007b0000000)
  from space 10752K, 99% used [0x00000007b0000000,0x00000007b0a7b718,0x00000007b0a80000)
  to   space 14848K, 0% used [0x00000007b1a00000,0x00000007b1a00000,0x00000007b2880000)
 ParOldGen       total 113152K, used 13281K [0x0000000760000000, 0x0000000766e80000, 0x00000007a0000000)
  object space 113152K, 11% used [0x0000000760000000,0x0000000760cf85b8,0x0000000766e80000)
 Metaspace       used 34568K, capacity 35384K, committed 35456K, reserved 1079296K
  class space    used 4754K, capacity 4959K, committed 4992K, reserved 1048576K
Event: 5.252 GC heap after
Heap after GC invocations=7 (full 2):
 PSYoungGen      total 272896K, used 0K [0x00000007a0000000, 0x00000007b2880000, 0x00000007c0000000)
  eden space 262144K, 0% used [0x00000007a0000000,0x00000007a0000000,0x00000007b0000000)
  from space 10752K, 0% used [0x00000007b0000000,0x00000007b0000000,0x00000007b0a80000)
  to   space 14848K, 0% used [0x00000007b1a00000,0x00000007b1a00000,0x00000007b2880000)
 ParOldGen       total 182784K, used 18221K [0x0000000760000000, 0x000000076b280000, 0x00000007a0000000)
  object space 182784K, 9% used [0x0000000760000000,0x00000007611cb790,0x000000076b280000)
 Metaspace       used 34564K, capacity 35372K, committed 35456K, reserved 1079296K
  class space    used 4753K, capacity 4957K, committed 4992K, reserved 1048576K
}

