# JRE version: OpenJDK Runtime Environment (8.0_202) (build 1.8.0_202-release-1483-b49-5587405)
# Java VM: OpenJDK 64-Bit Server VM (25.202-b49-5587405 mixed mode bsd-amd64 compressed oops)
Heap:
 PSYoungGen      total 350720K, used 340599K [0x00000007a0000000, 0x00000007bb680000, 0x00000007c0000000)
  eden space 329216K, 100% used [0x00000007a0000000,0x00000007b4180000,0x00000007b4180000)
  from space 21504K, 52% used [0x00000007b4180000,0x00000007b4c9dcb0,0x00000007b5680000)
  to   space 21504K, 36% used [0x00000007ba180000,0x00000007ba93ee30,0x00000007bb680000)
 ParOldGen       total 108544K, used 95991K [0x0000000760000000, 0x0000000766a00000, 0x00000007a0000000)
  object space 108544K, 88% used [0x0000000760000000,0x0000000765dbdcc0,0x0000000766a00000)
 Metaspace       used 89670K, capacity 93106K, committed 93272K, reserved 1130496K
  class space    used 11628K, capacity 12316K, committed 12416K, reserved 1048576K
GC Heap History (10 events):
Event: 5568.118 GC heap after
Heap after GC invocations=31 (full 4):
 PSYoungGen      total 242176K, used 4036K [0x00000007a0000000, 0x00000007b2900000, 0x00000007c0000000)
  eden space 223232K, 0% used [0x00000007a0000000,0x00000007a0000000,0x00000007ada00000)
  from space 18944K, 21% used [0x00000007ada00000,0x00000007addf1140,0x00000007aec80000)
  to   space 18432K, 0% used [0x00000007b1700000,0x00000007b1700000,0x00000007b2900000)
 ParOldGen       total 108544K, used 58308K [0x0000000760000000, 0x0000000766a00000, 0x00000007a0000000)
  object space 108544K, 53% used [0x0000000760000000,0x00000007638f1330,0x0000000766a00000)
 Metaspace       used 88734K, capacity 92004K, committed 92120K, reserved 1128448K
  class space    used 11569K, capacity 12253K, committed 12288K, reserved 1048576K
}
Event: 5568.868 GC heap before
{Heap before GC invocations=32 (full 4):
 PSYoungGen      total 242176K, used 227268K [0x00000007a0000000, 0x00000007b2900000, 0x00000007c0000000)
  eden space 223232K, 100% used [0x00000007a0000000,0x00000007ada00000,0x00000007ada00000)
  from space 18944K, 21% used [0x00000007ada00000,0x00000007addf1140,0x00000007aec80000)
  to   space 18432K, 0% used [0x00000007b1700000,0x00000007b1700000,0x00000007b2900000)
 ParOldGen       total 108544K, used 58308K [0x0000000760000000, 0x0000000766a00000, 0x00000007a0000000)
  object space 108544K, 53% used [0x0000000760000000,0x00000007638f1330,0x0000000766a00000)
 Metaspace       used 88922K, capacity 92172K, committed 92376K, reserved 1130496K
  class space    used 11569K, capacity 12253K, committed 12288K, reserved 1048576K
Event: 5568.878 GC heap after
Heap after GC invocations=32 (full 4):
 PSYoungGen      total 284672K, used 6867K [0x00000007a0000000, 0x00000007b2780000, 0x00000007c0000000)
  eden space 267776K, 0% used [0x00000007a0000000,0x00000007a0000000,0x00000007b0580000)
  from space 16896K, 40% used [0x00000007b1700000,0x00000007b1db4db8,0x00000007b2780000)
  to   space 17408K, 0% used [0x00000007b0580000,0x00000007b0580000,0x00000007b1680000)
 ParOldGen       total 108544K, used 60008K [0x0000000760000000, 0x0000000766a00000, 0x00000007a0000000)
  object space 108544K, 55% used [0x0000000760000000,0x0000000763a9a3c0,0x0000000766a00000)
 Metaspace       used 88922K, capacity 92172K, committed 92376K, reserved 1130496K
  class space    used 11569K, capacity 12253K, committed 12288K, reserved 1048576K
}
Event: 5569.611 GC heap before
{Heap before GC invocations=33 (full 4):
 PSYoungGen      total 284672K, used 274643K [0x00000007a0000000, 0x00000007b2780000, 0x00000007c0000000)
  eden space 267776K, 100% used [0x00000007a0000000,0x00000007b0580000,0x00000007b0580000)
  from space 16896K, 40% used [0x00000007b1700000,0x00000007b1db4db8,0x00000007b2780000)
  to   space 17408K, 0% used [0x00000007b0580000,0x00000007b0580000,0x00000007b1680000)
 ParOldGen       total 108544K, used 60008K [0x0000000760000000, 0x0000000766a00000, 0x00000007a0000000)
  object space 108544K, 55% used [0x0000000760000000,0x0000000763a9a3c0,0x0000000766a00000)
 Metaspace       used 88974K, capacity 92240K, committed 92376K, reserved 1130496K
  class space    used 11571K, capacity 12253K, committed 12288K, reserved 1048576K
Event: 5569.640 GC heap after
Heap after GC invocations=33 (full 4):
 PSYoungGen      total 285184K, used 17407K [0x00000007a0000000, 0x00000007b6c80000, 0x00000007c0000000)
  eden space 267776K, 0% used [0x00000007a0000000,0x00000007a0000000,0x00000007b0580000)
  from space 17408K, 99% used [0x00000007b0580000,0x00000007b167fd38,0x00000007b1680000)
  to   space 22528K, 0% used [0x00000007b5680000,0x00000007b5680000,0x00000007b6c80000)
 ParOldGen       total 108544K, used 65898K [0x0000000760000000, 0x0000000766a00000, 0x00000007a0000000)
  object space 108544K, 60% used [0x0000000760000000,0x000000076405a918,0x0000000766a00000)
 Metaspace       used 88974K, capacity 92240K, committed 92376K, reserved 1130496K
  class space    used 11571K, capacity 12253K, committed 12288K, reserved 1048576K
}
Event: 5570.431 GC heap before
{Heap before GC invocations=34 (full 4):
 PSYoungGen      total 285184K, used 285183K [0x00000007a0000000, 0x00000007b6c80000, 0x00000007c0000000)
  eden space 267776K, 100% used [0x00000007a0000000,0x00000007b0580000,0x00000007b0580000)
  from space 17408K, 99% used [0x00000007b0580000,0x00000007b167fd38,0x00000007b1680000)
  to   space 22528K, 0% used [0x00000007b5680000,0x00000007b5680000,0x00000007b6c80000)
 ParOldGen       total 108544K, used 65898K [0x0000000760000000, 0x0000000766a00000, 0x00000007a0000000)
  object space 108544K, 60% used [0x0000000760000000,0x000000076405a918,0x0000000766a00000)
 Metaspace       used 89114K, capacity 92384K, committed 92632K, reserved 1130496K
  class space    used 11571K, capacity 12253K, committed 12288K, reserved 1048576K
Event: 5570.459 GC heap after
Heap after GC invocations=34 (full 4):
 PSYoungGen      total 351744K, used 5856K [0x00000007a0000000, 0x00000007b6d00000, 0x00000007c0000000)
  eden space 329216K, 0% used [0x00000007a0000000,0x00000007a0000000,0x00000007b4180000)
  from space 22528K, 25% used [0x00000007b5680000,0x00000007b5c38000,0x00000007b6c80000)
  to   space 21504K, 0% used [0x00000007b4180000,0x00000007b4180000,0x00000007b5680000)
 ParOldGen       total 108544K, used 82229K [0x0000000760000000, 0x0000000766a00000, 0x00000007a0000000)
  object space 108544K, 75% used [0x0000000760000000,0x000000076504d588,0x0000000766a00000)
 Metaspace       used 89114K, capacity 92384K, committed 92632K, reserved 1130496K
  class space    used 11571K, capacity 12253K, committed 12288K, reserved 1048576K
}
Event: 5571.419 GC heap before
{Heap before GC invocations=35 (full 4):
 PSYoungGen      total 351744K, used 335072K [0x00000007a0000000, 0x00000007b6d00000, 0x00000007c0000000)
  eden space 329216K, 100% used [0x00000007a0000000,0x00000007b4180000,0x00000007b4180000)
  from space 22528K, 25% used [0x00000007b5680000,0x00000007b5c38000,0x00000007b6c80000)
  to   space 21504K, 0% used [0x00000007b4180000,0x00000007b4180000,0x00000007b5680000)
 ParOldGen       total 108544K, used 82229K [0x0000000760000000, 0x0000000766a00000, 0x00000007a0000000)
  object space 108544K, 75% used [0x0000000760000000,0x000000076504d588,0x0000000766a00000)
 Metaspace       used 89210K, capacity 92462K, committed 92632K, reserved 1130496K
  class space    used 11572K, capacity 12254K, committed 12288K, reserved 1048576K
Event: 5571.438 GC heap after
Heap after GC invocations=35 (full 4):
 PSYoungGen      total 350720K, used 11383K [0x00000007a0000000, 0x00000007bb680000, 0x00000007c0000000)
  eden space 329216K, 0% used [0x00000007a0000000,0x00000007a0000000,0x00000007b4180000)
  from space 21504K, 52% used [0x00000007b4180000,0x00000007b4c9dcb0,0x00000007b5680000)
  to   space 21504K, 0% used [0x00000007ba180000,0x00000007ba180000,0x00000007bb680000)
 ParOldGen       total 108544K, used 85836K [0x0000000760000000, 0x0000000766a00000, 0x00000007a0000000)
  object space 108544K, 79% used [0x0000000760000000,0x00000007653d33a0,0x0000000766a00000)
 Metaspace       used 89210K, capacity 92462K, committed 92632K, reserved 1130496K
  class space    used 11572K, capacity 12254K, committed 12288K, reserved 1048576K
}
Event: 5572.652 GC heap before
{Heap before GC invocations=36 (full 4):
 PSYoungGen      total 350720K, used 340599K [0x00000007a0000000, 0x00000007bb680000, 0x00000007c0000000)
  eden space 329216K, 100% used [0x00000007a0000000,0x00000007b4180000,0x00000007b4180000)
  from space 21504K, 52% used [0x00000007b4180000,0x00000007b4c9dcb0,0x00000007b5680000)
  to   space 21504K, 0% used [0x00000007ba180000,0x00000007ba180000,0x00000007bb680000)
 ParOldGen       total 108544K, used 85836K [0x0000000760000000, 0x0000000766a00000, 0x00000007a0000000)
  object space 108544K, 79% used [0x0000000760000000,0x00000007653d33a0,0x0000000766a00000)
 Metaspace       used 89670K, capacity 93106K, committed 93272K, reserved 1130496K
  class space    used 11628K, capacity 12316K, committed 12416K, reserved 1048576K

